2018-08-03 23:01:20.542  INFO 10400 --- [restartedMain] m.f.MollyFinancialForecastingApplication : Starting MollyFinancialForecastingApplication on DESKTOP-T3I08AO with PID 10400 (D:\workspace-sts-3.9.0.RELEASE\MollyFinancialForecasting\target\classes started by Abuelhassan in D:\workspace-sts-3.9.0.RELEASE\MollyFinancialForecasting)
2018-08-03 23:01:20.551  INFO 10400 --- [restartedMain] m.f.MollyFinancialForecastingApplication : No active profile set, falling back to default profiles: default
2018-08-03 23:01:20.612  INFO 10400 --- [restartedMain] ConfigServletWebServerApplicationContext : Refreshing org.springframework.boot.web.servlet.context.AnnotationConfigServletWebServerApplicationContext@1d86aa0: startup date [Fri Aug 03 23:01:20 EET 2018]; root of context hierarchy
2018-08-03 23:01:22.444  INFO 10400 --- [restartedMain] trationDelegate$BeanPostProcessorChecker : Bean 'org.springframework.transaction.annotation.ProxyTransactionManagementConfiguration' of type [org.springframework.transaction.annotation.ProxyTransactionManagementConfiguration$$EnhancerBySpringCGLIB$$4310a61e] is not eligible for getting processed by all BeanPostProcessors (for example: not eligible for auto-proxying)
2018-08-03 23:01:22.922  INFO 10400 --- [restartedMain] o.s.b.w.embedded.tomcat.TomcatWebServer  : Tomcat initialized with port(s): 8080 (http)
2018-08-03 23:01:22.946  INFO 10400 --- [restartedMain] o.apache.catalina.core.StandardService   : Starting service [Tomcat]
2018-08-03 23:01:22.946  INFO 10400 --- [restartedMain] org.apache.catalina.core.StandardEngine  : Starting Servlet Engine: Apache Tomcat/8.5.31
2018-08-03 23:01:22.951  INFO 10400 --- [localhost-startStop-1] o.a.catalina.core.AprLifecycleListener   : The APR based Apache Tomcat Native library which allows optimal performance in production environments was not found on the java.library.path: [C:\Program Files\Java\jre1.8.0_152\bin;C:\Windows\Sun\Java\bin;C:\Windows\system32;C:\Windows;C:/Program Files/Java/jre1.8.0_152/bin/server;C:/Program Files/Java/jre1.8.0_152/bin;C:/Program Files/Java/jre1.8.0_152/lib/amd64;C:\ProgramData\Oracle\Java\javapath;C:\Windows\system32;C:\Windows;C:\Windows\System32\Wbem;C:\Windows\System32\WindowsPowerShell\v1.0\;C:\Program Files (x86)\AMD\ATI.ACE\Core-Static;C:\Program Files\Git\cmd;C:\Program Files\MySQL\MySQL Utilities 1.6\;C:\Program Files (x86)\Skype\Phone\;C:\Users\Abuelhassan\AppData\Local\Microsoft\WindowsApps;C:\Program Files\Microsoft VS Code\bin;C:\Users\Abuelhassan\AppData\Local\atom\bin;C:\Program Files\sts-3.9.0.RELEASE;;.]
2018-08-03 23:01:23.046  INFO 10400 --- [localhost-startStop-1] o.a.c.c.C.[Tomcat].[localhost].[/]       : Initializing Spring embedded WebApplicationContext
2018-08-03 23:01:23.046  INFO 10400 --- [localhost-startStop-1] o.s.web.context.ContextLoader            : Root WebApplicationContext: initialization completed in 2434 ms
2018-08-03 23:01:23.272  INFO 10400 --- [localhost-startStop-1] o.s.b.w.servlet.FilterRegistrationBean   : Mapping filter: 'characterEncodingFilter' to: [/*]
2018-08-03 23:01:23.273  INFO 10400 --- [localhost-startStop-1] o.s.b.w.servlet.FilterRegistrationBean   : Mapping filter: 'hiddenHttpMethodFilter' to: [/*]
2018-08-03 23:01:23.274  INFO 10400 --- [localhost-startStop-1] o.s.b.w.servlet.FilterRegistrationBean   : Mapping filter: 'httpPutFormContentFilter' to: [/*]
2018-08-03 23:01:23.274  INFO 10400 --- [localhost-startStop-1] o.s.b.w.servlet.FilterRegistrationBean   : Mapping filter: 'requestContextFilter' to: [/*]
2018-08-03 23:01:23.275  INFO 10400 --- [localhost-startStop-1] .s.DelegatingFilterProxyRegistrationBean : Mapping filter: 'springSecurityFilterChain' to: [/*]
2018-08-03 23:01:23.275  INFO 10400 --- [localhost-startStop-1] o.s.b.w.servlet.ServletRegistrationBean  : Servlet dispatcherServlet mapped to [/]
2018-08-03 23:01:23.571  INFO 10400 --- [restartedMain] com.zaxxer.hikari.HikariDataSource       : HikariPool-1 - Starting...
2018-08-03 23:01:23.983  INFO 10400 --- [restartedMain] com.zaxxer.hikari.HikariDataSource       : HikariPool-1 - Start completed.
2018-08-03 23:01:24.065  INFO 10400 --- [restartedMain] j.LocalContainerEntityManagerFactoryBean : Building JPA container EntityManagerFactory for persistence unit 'default'
2018-08-03 23:01:24.082  INFO 10400 --- [restartedMain] o.hibernate.jpa.internal.util.LogHelper  : HHH000204: Processing PersistenceUnitInfo [
	name: default
	...]
2018-08-03 23:01:24.361  INFO 10400 --- [restartedMain] org.hibernate.Version                    : HHH000412: Hibernate Core {5.2.17.Final}
2018-08-03 23:01:24.363  INFO 10400 --- [restartedMain] org.hibernate.cfg.Environment            : HHH000206: hibernate.properties not found
2018-08-03 23:01:24.444  INFO 10400 --- [restartedMain] o.hibernate.annotations.common.Version   : HCANN000001: Hibernate Commons Annotations {5.0.1.Final}
2018-08-03 23:01:24.634  INFO 10400 --- [restartedMain] org.hibernate.dialect.Dialect            : HHH000400: Using dialect: org.hibernate.dialect.MySQL5Dialect
2018-08-03 23:01:25.885  INFO 10400 --- [restartedMain] j.LocalContainerEntityManagerFactoryBean : Initialized JPA EntityManagerFactory for persistence unit 'default'
2018-08-03 23:01:26.929  INFO 10400 --- [restartedMain] o.s.s.web.DefaultSecurityFilterChain     : Creating filter chain: Ant [pattern='/resources/**'], []
2018-08-03 23:01:26.930  INFO 10400 --- [restartedMain] o.s.s.web.DefaultSecurityFilterChain     : Creating filter chain: Ant [pattern='/static/**'], []
2018-08-03 23:01:26.930  INFO 10400 --- [restartedMain] o.s.s.web.DefaultSecurityFilterChain     : Creating filter chain: Ant [pattern='/css/**'], []
2018-08-03 23:01:26.930  INFO 10400 --- [restartedMain] o.s.s.web.DefaultSecurityFilterChain     : Creating filter chain: Ant [pattern='/js/**'], []
2018-08-03 23:01:26.930  INFO 10400 --- [restartedMain] o.s.s.web.DefaultSecurityFilterChain     : Creating filter chain: Ant [pattern='/images/**'], []
2018-08-03 23:01:27.175  INFO 10400 --- [restartedMain] o.s.s.web.DefaultSecurityFilterChain     : Creating filter chain: org.springframework.security.web.util.matcher.AnyRequestMatcher@1, [org.springframework.security.web.context.request.async.WebAsyncManagerIntegrationFilter@3fd2a0a1, org.springframework.security.web.context.SecurityContextPersistenceFilter@261692b6, org.springframework.security.web.header.HeaderWriterFilter@15ca5942, org.springframework.security.web.authentication.logout.LogoutFilter@20c46584, org.springframework.security.web.authentication.UsernamePasswordAuthenticationFilter@4c091c03, org.springframework.security.web.savedrequest.RequestCacheAwareFilter@78ea632, org.springframework.security.web.servletapi.SecurityContextHolderAwareRequestFilter@7780ef5f, org.springframework.security.web.authentication.AnonymousAuthenticationFilter@72fdc5a4, org.springframework.security.web.session.SessionManagementFilter@8f8bc40, org.springframework.security.web.access.ExceptionTranslationFilter@7c0a34d4, org.springframework.security.web.access.intercept.FilterSecurityInterceptor@40058ad7]
2018-08-03 23:01:27.352  INFO 10400 --- [restartedMain] o.s.w.s.handler.SimpleUrlHandlerMapping  : Mapped URL path [/**/favicon.ico] onto handler of type [class org.springframework.web.servlet.resource.ResourceHttpRequestHandler]
2018-08-03 23:01:27.657  INFO 10400 --- [restartedMain] s.w.s.m.m.a.RequestMappingHandlerAdapter : Looking for @ControllerAdvice: org.springframework.boot.web.servlet.context.AnnotationConfigServletWebServerApplicationContext@1d86aa0: startup date [Fri Aug 03 23:01:20 EET 2018]; root of context hierarchy
2018-08-03 23:01:27.699  WARN 10400 --- [restartedMain] aWebConfiguration$JpaWebMvcConfiguration : spring.jpa.open-in-view is enabled by default. Therefore, database queries may be performed during view rendering. Explicitly configure spring.jpa.open-in-view to disable this warning
2018-08-03 23:01:27.804  INFO 10400 --- [restartedMain] s.w.s.m.m.a.RequestMappingHandlerMapping : Mapped "{[/api/price],methods=[GET]}" onto public java.util.List<com.molly.forecasting.dto.Price> com.molly.forecasting.api.PriceRestController.getPriceDataByticker(java.lang.String)
2018-08-03 23:01:27.806  INFO 10400 --- [restartedMain] s.w.s.m.m.a.RequestMappingHandlerMapping : Mapped "{[/api/priceForecasting],methods=[GET]}" onto public java.util.List<java.lang.String> com.molly.forecasting.api.PriceRestController.forecaste(java.lang.String,java.lang.String)
2018-08-03 23:01:27.807  INFO 10400 --- [restartedMain] s.w.s.m.m.a.RequestMappingHandlerMapping : Mapped "{[/api/statement],methods=[GET]}" onto public java.util.List<com.molly.forecasting.dto.StatementDTO> com.molly.forecasting.api.StatementRestController.getPriceDataByticker(java.lang.String,java.lang.String)
2018-08-03 23:01:27.808  INFO 10400 --- [restartedMain] s.w.s.m.m.a.RequestMappingHandlerMapping : Mapped "{[/admin/home],methods=[GET]}" onto public org.springframework.web.servlet.ModelAndView com.molly.forecasting.controller.LoginController.home()
2018-08-03 23:01:27.809  INFO 10400 --- [restartedMain] s.w.s.m.m.a.RequestMappingHandlerMapping : Mapped "{[/registration],methods=[GET]}" onto public org.springframework.web.servlet.ModelAndView com.molly.forecasting.controller.LoginController.registration()
2018-08-03 23:01:27.809  INFO 10400 --- [restartedMain] s.w.s.m.m.a.RequestMappingHandlerMapping : Mapped "{[/registration],methods=[POST]}" onto public org.springframework.web.servlet.ModelAndView com.molly.forecasting.controller.LoginController.createNewUser(com.molly.forecasting.entity.User,org.springframework.validation.BindingResult)
2018-08-03 23:01:27.809  INFO 10400 --- [restartedMain] s.w.s.m.m.a.RequestMappingHandlerMapping : Mapped "{[/ || /login],methods=[GET]}" onto public org.springframework.web.servlet.ModelAndView com.molly.forecasting.controller.LoginController.login()
2018-08-03 23:01:27.810  INFO 10400 --- [restartedMain] s.w.s.m.m.a.RequestMappingHandlerMapping : Mapped "{[/price/list]}" onto public java.lang.String com.molly.forecasting.controller.PriceController.list()
2018-08-03 23:01:27.811  INFO 10400 --- [restartedMain] s.w.s.m.m.a.RequestMappingHandlerMapping : Mapped "{[/statement/list]}" onto public java.lang.String com.molly.forecasting.controller.StatementController.list()
2018-08-03 23:01:27.814  INFO 10400 --- [restartedMain] s.w.s.m.m.a.RequestMappingHandlerMapping : Mapped "{[/error]}" onto public org.springframework.http.ResponseEntity<java.util.Map<java.lang.String, java.lang.Object>> org.springframework.boot.autoconfigure.web.servlet.error.BasicErrorController.error(javax.servlet.http.HttpServletRequest)
2018-08-03 23:01:27.815  INFO 10400 --- [restartedMain] s.w.s.m.m.a.RequestMappingHandlerMapping : Mapped "{[/error],produces=[text/html]}" onto public org.springframework.web.servlet.ModelAndView org.springframework.boot.autoconfigure.web.servlet.error.BasicErrorController.errorHtml(javax.servlet.http.HttpServletRequest,javax.servlet.http.HttpServletResponse)
2018-08-03 23:01:27.854  INFO 10400 --- [restartedMain] o.s.w.s.handler.SimpleUrlHandlerMapping  : Mapped URL path [/webjars/**] onto handler of type [class org.springframework.web.servlet.resource.ResourceHttpRequestHandler]
2018-08-03 23:01:27.855  INFO 10400 --- [restartedMain] o.s.w.s.handler.SimpleUrlHandlerMapping  : Mapped URL path [/**] onto handler of type [class org.springframework.web.servlet.resource.ResourceHttpRequestHandler]
2018-08-03 23:01:27.929  WARN 10400 --- [restartedMain] org.thymeleaf.templatemode.TemplateMode  : [THYMELEAF][restartedMain] Template Mode 'LEGACYHTML5' is deprecated. Using Template Mode 'HTML' instead.
2018-08-03 23:01:28.424  INFO 10400 --- [restartedMain] o.s.b.d.a.OptionalLiveReloadServer       : LiveReload server is running on port 35729
2018-08-03 23:01:29.001  INFO 10400 --- [restartedMain] o.s.j.e.a.AnnotationMBeanExporter        : Registering beans for JMX exposure on startup
2018-08-03 23:01:29.003  INFO 10400 --- [restartedMain] o.s.j.e.a.AnnotationMBeanExporter        : Bean with name 'dataSource' has been autodetected for JMX exposure
2018-08-03 23:01:29.011  INFO 10400 --- [restartedMain] o.s.j.e.a.AnnotationMBeanExporter        : Located MBean 'dataSource': registering with JMX server as MBean [com.zaxxer.hikari:name=dataSource,type=HikariDataSource]
2018-08-03 23:01:29.056  INFO 10400 --- [restartedMain] o.s.b.w.embedded.tomcat.TomcatWebServer  : Tomcat started on port(s): 8080 (http) with context path ''
2018-08-03 23:01:29.062  INFO 10400 --- [restartedMain] m.f.MollyFinancialForecastingApplication : Started MollyFinancialForecastingApplication in 8.999 seconds (JVM running for 10.108)
2018-08-03 23:01:57.285  INFO 10400 --- [http-nio-8080-exec-3] o.a.c.c.C.[Tomcat].[localhost].[/]       : Initializing Spring FrameworkServlet 'dispatcherServlet'
2018-08-03 23:01:57.286  INFO 10400 --- [http-nio-8080-exec-3] o.s.web.servlet.DispatcherServlet        : FrameworkServlet 'dispatcherServlet': initialization started
2018-08-03 23:01:57.323  INFO 10400 --- [http-nio-8080-exec-3] o.s.web.servlet.DispatcherServlet        : FrameworkServlet 'dispatcherServlet': initialization completed in 37 ms
2018-08-03 23:03:27.341  INFO 10400 --- [http-nio-8080-exec-9] o.h.h.i.QueryTranslatorFactoryInitiator  : HHH000397: Using ASTQueryTranslatorFactory
